timestamp: 2020-04-27T19:23:12.007614
CREATE TABLE "py4web_session"(
    "id" INTEGER PRIMARY KEY AUTOINCREMENT,
    "rkey" CHAR(512),
    "rvalue" TEXT,
    "expiration" INTEGER,
    "created_on" TIMESTAMP,
    "expires_on" TIMESTAMP
);
success!
timestamp: 2020-04-27T19:23:12.027506
CREATE TABLE "auth_user"(
    "id" INTEGER PRIMARY KEY AUTOINCREMENT,
    "email" CHAR(512) UNIQUE,
    "password" CHAR(512),
    "first_name" CHAR(512),
    "last_name" CHAR(512),
    "sso_id" CHAR(512),
    "action_token" CHAR(512)
);
success!
timestamp: 2020-04-27T19:23:12.033374
CREATE TABLE "auth_user_tag_groups"(
    "id" INTEGER PRIMARY KEY AUTOINCREMENT,
    "path" CHAR(512),
    "record_id" INTEGER REFERENCES "auth_user" ("id") ON DELETE CASCADE  
);
success!
timestamp: 2020-04-27T20:43:03.163053
CREATE TABLE "person"(
    "id" INTEGER PRIMARY KEY AUTOINCREMENT,
    "user_email" CHAR(512),
    "first_name" CHAR(512),
    "last_name" CHAR(512)
);
success!
timestamp: 2020-05-07T01:32:24.277680
ALTER TABLE "auth_user" ADD "last_password_change" TIMESTAMP;
success!
timestamp: 2020-05-07T04:34:45.432233
CREATE TABLE "phone"(
    "id" INTEGER PRIMARY KEY AUTOINCREMENT,
    "person_id" INTEGER REFERENCES "person" ("id") ON DELETE CASCADE  ,
    "phone" CHAR(512),
    "kind" CHAR(512)
);
success!
success!
